<?xml version="1.0" encoding="UTF-8" ?>
<testsuite tests="5" failures="0" name="edu.eci.cvds.tdd.registry.RegistryTest" time="0.002" errors="0" skipped="0">
  <properties>
[...]
</properties>
  <testcase classname="edu.eci.cvds.tdd.registry.RegistryTest" name="shouldNotBeValidForInvalidAge" time="0.002"/>
  <testcase classname="edu.eci.cvds.tdd.registry.RegistryTest" name="shouldNotBeValidForAge" time="0"/>
  <testcase classname="edu.eci.cvds.tdd.registry.RegistryTest" name="shouldNotBeValidForDeath" time="0"/>
  <testcase classname="edu.eci.cvds.tdd.registry.RegistryTest" name="validateRegistryResult" time="0"/>
  <testcase classname="edu.eci.cvds.tdd.registry.RegistryTest" name="shouldNotBeValidForDuplicate" time="0"/>
</testsuite>