<?xml version="1.0" encoding="UTF-8"?>
<testsuite xmlns:xsi="http://www.w3.org/2001/XMLSchema-instance" xsi:noNamespaceSchemaLocation="https://maven.apache.org/surefire/maven-surefire-plugin/xsd/surefire-test-report-3.0.xsd" version="3.0" name="edu.eci.cvds.tdd.registry.RegistryTest" time="0.024" tests="5" errors="0" skipped="0" failures="0">
  <properties>
[...]
</properties>
  <testcase name="shouldNotBeValidForInvalidAge" classname="edu.eci.cvds.tdd.registry.RegistryTest" time="0.004"/>
  <testcase name="shouldNotBeValidForAge" classname="edu.eci.cvds.tdd.registry.RegistryTest" time="0"/>
  <testcase name="shouldNotBeValidForDeath" classname="edu.eci.cvds.tdd.registry.RegistryTest" time="0"/>
  <testcase name="validateRegistryResult" classname="edu.eci.cvds.tdd.registry.RegistryTest" time="0.001"/>
  <testcase name="shouldNotBeValidForDuplicate" classname="edu.eci.cvds.tdd.registry.RegistryTest" time="0"/>
</testsuite>